0 info it worked if it ends with ok
1 verbose cli [ 'node', '/usr/local/bin/npm', 'install', '-g', 'grunt-cli' ]
2 info using npm@1.4.28
3 info using node@v0.10.32
4 verbose cache add [ 'grunt-cli', null ]
5 verbose cache add name=undefined spec="grunt-cli" args=["grunt-cli",null]
6 verbose parsed url { protocol: null,
6 verbose parsed url   slashes: null,
6 verbose parsed url   auth: null,
6 verbose parsed url   host: null,
6 verbose parsed url   port: null,
6 verbose parsed url   hostname: null,
6 verbose parsed url   hash: null,
6 verbose parsed url   search: null,
6 verbose parsed url   query: null,
6 verbose parsed url   pathname: 'grunt-cli',
6 verbose parsed url   path: 'grunt-cli',
6 verbose parsed url   href: 'grunt-cli' }
7 silly lockFile 671ef8ac-grunt-cli grunt-cli
8 verbose lock grunt-cli /Users/dinko/.npm/671ef8ac-grunt-cli.lock
9 silly lockFile 671ef8ac-grunt-cli grunt-cli
10 silly lockFile 671ef8ac-grunt-cli grunt-cli
11 verbose addNamed [ 'grunt-cli', '' ]
12 verbose addNamed [ null, '*' ]
13 silly lockFile d63f3d0b-grunt-cli grunt-cli@
14 verbose lock grunt-cli@ /Users/dinko/.npm/d63f3d0b-grunt-cli.lock
15 silly addNameRange { name: 'grunt-cli', range: '*', hasData: false }
16 verbose request where is /grunt-cli
17 verbose request registry https://registry.npmjs.org/
18 verbose request id eb8d30d564a372d6
19 verbose url raw /grunt-cli
20 verbose url resolving [ 'https://registry.npmjs.org/', './grunt-cli' ]
21 verbose url resolved https://registry.npmjs.org/grunt-cli
22 verbose request where is https://registry.npmjs.org/grunt-cli
23 info trying registry request attempt 1 at 11:37:12
24 verbose etag "BNILZ9J1NTWZYUS8HRT5S3TNV"
25 http GET https://registry.npmjs.org/grunt-cli
26 http 304 https://registry.npmjs.org/grunt-cli
27 silly registry.get cb [ 304,
27 silly registry.get   { date: 'Sun, 05 Oct 2014 15:37:14 GMT',
27 silly registry.get     server: 'Apache',
27 silly registry.get     via: '1.1 varnish',
27 silly registry.get     'last-modified': 'Sun, 05 Oct 2014 15:37:14 GMT',
27 silly registry.get     'cache-control': 'max-age=60',
27 silly registry.get     etag: '"BNILZ9J1NTWZYUS8HRT5S3TNV"',
27 silly registry.get     'x-served-by': 'cache-ord1733-ORD',
27 silly registry.get     'x-cache': 'HIT',
27 silly registry.get     'x-cache-hits': '1',
27 silly registry.get     'x-timer': 'S1412523434.017410,VS0,VE0',
27 silly registry.get     vary: 'Accept',
27 silly registry.get     'content-length': '0',
27 silly registry.get     'keep-alive': 'timeout=10, max=50',
27 silly registry.get     connection: 'Keep-Alive' } ]
28 verbose etag https://registry.npmjs.org/grunt-cli from cache
29 silly addNameRange number 2 { name: 'grunt-cli', range: '*', hasData: true }
30 silly addNameRange versions [ 'grunt-cli',
30 silly addNameRange   [ '0.1.0',
30 silly addNameRange     '0.1.1',
30 silly addNameRange     '0.1.2',
30 silly addNameRange     '0.1.3',
30 silly addNameRange     '0.1.4',
30 silly addNameRange     '0.1.5',
30 silly addNameRange     '0.1.6',
30 silly addNameRange     '0.1.7',
30 silly addNameRange     '0.1.8',
30 silly addNameRange     '0.1.9',
30 silly addNameRange     '0.1.10',
30 silly addNameRange     '0.1.11',
30 silly addNameRange     '0.1.12',
30 silly addNameRange     '0.1.13' ] ]
31 verbose addNamed [ 'grunt-cli', '0.1.13' ]
32 verbose addNamed [ '0.1.13', '0.1.13' ]
33 silly lockFile 28997503-grunt-cli-0-1-13 grunt-cli@0.1.13
34 verbose lock grunt-cli@0.1.13 /Users/dinko/.npm/28997503-grunt-cli-0-1-13.lock
35 silly lockFile 28997503-grunt-cli-0-1-13 grunt-cli@0.1.13
36 silly lockFile 28997503-grunt-cli-0-1-13 grunt-cli@0.1.13
37 silly lockFile d63f3d0b-grunt-cli grunt-cli@
38 silly lockFile d63f3d0b-grunt-cli grunt-cli@
39 silly resolved [ { name: 'grunt-cli',
39 silly resolved     description: 'The grunt command line interface.',
39 silly resolved     version: '0.1.13',
39 silly resolved     author: { name: 'Grunt Team' },
39 silly resolved     homepage: 'http://gruntjs.com/',
39 silly resolved     repository: { type: 'git', url: 'git://github.com/gruntjs/grunt-cli.git' },
39 silly resolved     bugs: { url: 'http://github.com/gruntjs/grunt-cli/issues' },
39 silly resolved     licenses: [ [Object] ],
39 silly resolved     bin: { grunt: 'bin/grunt' },
39 silly resolved     engines: { node: '>= 0.8.0' },
39 silly resolved     scripts: { test: 'node bin/grunt test' },
39 silly resolved     preferGlobal: true,
39 silly resolved     dependencies: { nopt: '~1.0.10', 'findup-sync': '~0.1.0', resolve: '~0.3.1' },
39 silly resolved     devDependencies: { grunt: '~0.4.0', 'grunt-contrib-jshint': '~0.2.0' },
39 silly resolved     contributors: [ [Object], [Object], [Object], [Object] ],
39 silly resolved     _id: 'grunt-cli@0.1.13',
39 silly resolved     dist:
39 silly resolved      { shasum: 'e9ebc4047631f5012d922770c39378133cad10f4',
39 silly resolved        tarball: 'http://registry.npmjs.org/grunt-cli/-/grunt-cli-0.1.13.tgz' },
39 silly resolved     _from: 'grunt-cli@',
39 silly resolved     _npmVersion: '1.3.24',
39 silly resolved     _npmUser: { name: 'tkellen', email: 'tyler@sleekcode.net' },
39 silly resolved     maintainers: [ [Object] ],
39 silly resolved     directories: {},
39 silly resolved     _shasum: 'e9ebc4047631f5012d922770c39378133cad10f4',
39 silly resolved     _resolved: 'https://registry.npmjs.org/grunt-cli/-/grunt-cli-0.1.13.tgz',
39 silly resolved     readme: 'ERROR: No README data found!' } ]
40 info install grunt-cli@0.1.13 into /usr/local/lib
41 info installOne grunt-cli@0.1.13
42 verbose lib/node_modules/grunt-cli unbuild
43 verbose tar unpack /Users/dinko/.npm/grunt-cli/0.1.13/package.tgz
44 silly lockFile 466968dc-local-lib-node-modules-grunt-cli tar:///usr/local/lib/node_modules/grunt-cli
45 verbose lock tar:///usr/local/lib/node_modules/grunt-cli /Users/dinko/.npm/466968dc-local-lib-node-modules-grunt-cli.lock
46 silly lockFile 538b991b-npm-grunt-cli-0-1-13-package-tgz tar:///Users/dinko/.npm/grunt-cli/0.1.13/package.tgz
47 verbose lock tar:///Users/dinko/.npm/grunt-cli/0.1.13/package.tgz /Users/dinko/.npm/538b991b-npm-grunt-cli-0-1-13-package-tgz.lock
48 silly gunzTarPerm modes [ '755', '644' ]
49 error Error: EACCES, mkdir '/usr/local/lib/node_modules/grunt-cli'
49 error  { [Error: EACCES, mkdir '/usr/local/lib/node_modules/grunt-cli']
49 error   errno: 3,
49 error   code: 'EACCES',
49 error   path: '/usr/local/lib/node_modules/grunt-cli',
49 error   fstream_type: 'Directory',
49 error   fstream_path: '/usr/local/lib/node_modules/grunt-cli',
49 error   fstream_class: 'DirWriter',
49 error   fstream_stack:
49 error    [ '/usr/local/lib/node_modules/npm/node_modules/fstream/lib/dir-writer.js:36:23',
49 error      '/usr/local/lib/node_modules/npm/node_modules/mkdirp/index.js:46:53',
49 error      'Object.oncomplete (fs.js:107:15)' ] }
50 error Please try running this command again as root/Administrator.
51 error System Darwin 13.4.0
52 error command "node" "/usr/local/bin/npm" "install" "-g" "grunt-cli"
53 error cwd /Users/dinko/Sites/front-end-developer-exercise
54 error node -v v0.10.32
55 error npm -v 1.4.28
56 error path /usr/local/lib/node_modules/grunt-cli
57 error fstream_path /usr/local/lib/node_modules/grunt-cli
58 error fstream_type Directory
59 error fstream_class DirWriter
60 error code EACCES
61 error errno 3
62 error stack Error: EACCES, mkdir '/usr/local/lib/node_modules/grunt-cli'
63 error fstream_stack /usr/local/lib/node_modules/npm/node_modules/fstream/lib/dir-writer.js:36:23
63 error fstream_stack /usr/local/lib/node_modules/npm/node_modules/mkdirp/index.js:46:53
63 error fstream_stack Object.oncomplete (fs.js:107:15)
64 verbose exit [ 3, true ]
